<?xml version="1.0" encoding="UTF-8"?>
<!-- Generated by org.testng.reporters.JUnitXMLReporter -->
<testsuite ignored="0" hostname="LAPTOP-7VII1ULP" failures="0" tests="4" name="Default test" time="7.481" errors="0" timestamp="2021-11-19T15:46:48 IST">
  <testcase classname="com.qa.opencart.test.LoginPageTest" name="loginPageTittleTest" time="0.027"/>
  <testcase classname="com.qa.opencart.test.LoginPageTest" name="ForgottenLinkTest" time="0.08"/>
  <testcase classname="com.qa.opencart.test.LoginPageTest" name="LoginLinkTest" time="0.054"/>
  <testcase classname="com.qa.opencart.test.LoginPageTest" name="LoginAppTest" time="2.84"/>
</testsuite> <!-- Default test -->
