<?xml version="1.0" encoding="UTF-8"?>
<testng-results ignored="0" total="1" passed="1" failed="0" skipped="0">
  <reporter-output>
  </reporter-output>
  <suite started-at="2023-11-24T11:34:33 IST" name="Default suite" finished-at="2023-11-24T11:34:57 IST" duration-ms="24333">
    <groups>
    </groups>
    <test started-at="2023-11-24T11:34:33 IST" name="Default test" finished-at="2023-11-24T11:34:57 IST" duration-ms="24333">
      <class name="com.qa.opencart.test.AccountsPageTest">
        <test-method is-config="true" signature="setUp()[pri:0, instance:com.qa.opencart.test.AccountsPageTest@595b007d]" started-at="2023-11-24T11:34:33 IST" name="setUp" finished-at="2023-11-24T11:34:46 IST" duration-ms="13712" status="PASS">
          <reporter-output>
          </reporter-output>
        </test-method> <!-- setUp -->
        <test-method signature="validateElementInSearchpage()[pri:0, instance:com.qa.opencart.test.AccountsPageTest@595b007d]" started-at="2023-11-24T11:34:46 IST" name="validateElementInSearchpage" finished-at="2023-11-24T11:34:57 IST" duration-ms="10576" status="PASS">
          <reporter-output>
          </reporter-output>
        </test-method> <!-- validateElementInSearchpage -->
      </class> <!-- com.qa.opencart.test.AccountsPageTest -->
    </test> <!-- Default test -->
  </suite> <!-- Default suite -->
</testng-results>
