<?xml version="1.0" encoding="UTF-8"?>
<testng-results ignored="0" total="4" passed="4" failed="0" skipped="0">
  <reporter-output>
  </reporter-output>
  <suite started-at="2021-11-19T15:46:40 IST" name="Default suite" finished-at="2021-11-19T15:46:47 IST" duration-ms="7481">
    <groups>
    </groups>
    <test started-at="2021-11-19T15:46:40 IST" name="Default test" finished-at="2021-11-19T15:46:47 IST" duration-ms="7481">
      <class name="com.qa.opencart.test.LoginPageTest">
        <test-method is-config="true" signature="setUp()[pri:0, instance:com.qa.opencart.test.LoginPageTest@6580cfdd]" started-at="2021-11-19T15:46:40 IST" name="setUp" finished-at="2021-11-19T15:46:44 IST" duration-ms="4248" status="PASS">
          <reporter-output>
          </reporter-output>
        </test-method> <!-- setUp -->
        <test-method signature="loginPageTittleTest()[pri:1, instance:com.qa.opencart.test.LoginPageTest@6580cfdd]" started-at="2021-11-19T15:46:44 IST" name="loginPageTittleTest" finished-at="2021-11-19T15:46:44 IST" duration-ms="27" status="PASS">
          <reporter-output>
          </reporter-output>
        </test-method> <!-- loginPageTittleTest -->
        <test-method signature="ForgottenLinkTest()[pri:2, instance:com.qa.opencart.test.LoginPageTest@6580cfdd]" started-at="2021-11-19T15:46:44 IST" name="ForgottenLinkTest" finished-at="2021-11-19T15:46:44 IST" duration-ms="80" status="PASS">
          <reporter-output>
          </reporter-output>
        </test-method> <!-- ForgottenLinkTest -->
        <test-method signature="LoginLinkTest()[pri:3, instance:com.qa.opencart.test.LoginPageTest@6580cfdd]" started-at="2021-11-19T15:46:44 IST" name="LoginLinkTest" finished-at="2021-11-19T15:46:44 IST" duration-ms="54" status="PASS">
          <reporter-output>
          </reporter-output>
        </test-method> <!-- LoginLinkTest -->
        <test-method signature="LoginAppTest()[pri:4, instance:com.qa.opencart.test.LoginPageTest@6580cfdd]" started-at="2021-11-19T15:46:44 IST" name="LoginAppTest" finished-at="2021-11-19T15:46:47 IST" duration-ms="2840" status="PASS">
          <reporter-output>
          </reporter-output>
        </test-method> <!-- LoginAppTest -->
        <test-method is-config="true" signature="teardown()[pri:0, instance:com.qa.opencart.test.LoginPageTest@6580cfdd]" started-at="2021-11-19T15:46:47 IST" name="teardown" finished-at="2021-11-19T15:46:47 IST" duration-ms="157" status="PASS">
          <reporter-output>
          </reporter-output>
        </test-method> <!-- teardown -->
      </class> <!-- com.qa.opencart.test.LoginPageTest -->
    </test> <!-- Default test -->
  </suite> <!-- Default suite -->
</testng-results>
